<?xml version="1.0" encoding="UTF-8"?>
<testsuite name="FeeCalculatorTest" tests="8" skipped="0" failures="0" errors="0" timestamp="2017-08-02T23:47:23" hostname="MacBookPro.local" time="0.008">
  <properties/>
  <testcase name="calcServiceFee" classname="FeeCalculatorTest" time="0.004"/>
  <testcase name="testAdditionalChargeDays" classname="FeeCalculatorTest" time="0.0"/>
  <testcase name="testAdditionalCharge" classname="FeeCalculatorTest" time="0.0"/>
  <testcase name="testNegativeChargeDays" classname="FeeCalculatorTest" time="0.0"/>
  <testcase name="testServiceFeeBaseRule1" classname="FeeCalculatorTest" time="0.0"/>
  <testcase name="testServiceFeeBaseRule2" classname="FeeCalculatorTest" time="0.001"/>
  <testcase name="testStandardCharge" classname="FeeCalculatorTest" time="0.0"/>
  <testcase name="testNilAdditionalCharge" classname="FeeCalculatorTest" time="0.0"/>
  <system-out><![CDATA[]]></system-out>
  <system-err><![CDATA[]]></system-err>
</testsuite>
